<?xml version="1.0" encoding="UTF-8"?>
<testsuite name="com.tangem.common.tlv.TlvTest" tests="6" skipped="0" failures="0" errors="0" timestamp="2020-10-19T16:00:59" hostname="bamboo.local" time="0.03">
  <properties/>
  <testcase name="Bytes to Tlvs, only PIN" classname="com.tangem.common.tlv.TlvTest" time="0.015"/>
  <testcase name="TLVs to bytes, only PIN" classname="com.tangem.common.tlv.TlvTest" time="0.014"/>
  <testcase name="TLVs to bytes, check wallet" classname="com.tangem.common.tlv.TlvTest" time="0.0"/>
  <testcase name="Bytes to TLVs, wrong values" classname="com.tangem.common.tlv.TlvTest" time="0.001"/>
  <testcase name="Bytes to TLVs, check wallet TLVs" classname="com.tangem.common.tlv.TlvTest" time="0.0"/>
  <testcase name="parse Slix tag response" classname="com.tangem.common.tlv.TlvTest" time="0.0"/>
  <system-out><![CDATA[]]></system-out>
  <system-err><![CDATA[]]></system-err>
</testsuite>
