<?xml version="1.0" encoding="UTF-8"?>
<testsuite name="com.tangem.common.apdu.ResponseApduTest" tests="4" skipped="0" failures="0" errors="0" timestamp="2020-08-25T19:53:57" hostname="bamboo.local" time="0.001">
  <properties/>
  <testcase name="response, getTlvData returns cardId" classname="com.tangem.common.apdu.ResponseApduTest" time="0.001"/>
  <testcase name="get StatusWord returns Unknown" classname="com.tangem.common.apdu.ResponseApduTest" time="0.0"/>
  <testcase name="get StatusWord returns ProcessCompleted" classname="com.tangem.common.apdu.ResponseApduTest" time="0.0"/>
  <testcase name="corrupt response, getTlvData returns null" classname="com.tangem.common.apdu.ResponseApduTest" time="0.0"/>
  <system-out><![CDATA[]]></system-out>
  <system-err><![CDATA[]]></system-err>
</testsuite>
