<?xml version="1.0" encoding="UTF-8"?>
<testsuite name="com.tangem.common.extensions.ByteArrayExtensionsTest" tests="9" skipped="0" failures="0" errors="0" timestamp="2020-10-19T16:00:59" hostname="bamboo.local" time="0.002">
  <properties/>
  <testcase name="bytes to int" classname="com.tangem.common.extensions.ByteArrayExtensionsTest" time="0.0"/>
  <testcase name="curve name to Utf8" classname="com.tangem.common.extensions.ByteArrayExtensionsTest" time="0.0"/>
  <testcase name="toDate" classname="com.tangem.common.extensions.ByteArrayExtensionsTest" time="0.001"/>
  <testcase name="zero to int" classname="com.tangem.common.extensions.ByteArrayExtensionsTest" time="0.0"/>
  <testcase name="card Id to Hex String" classname="com.tangem.common.extensions.ByteArrayExtensionsTest" time="0.0"/>
  <testcase name="blockchain name to Utf8" classname="com.tangem.common.extensions.ByteArrayExtensionsTest" time="0.0"/>
  <testcase name="calculate sha512" classname="com.tangem.common.extensions.ByteArrayExtensionsTest" time="0.0"/>
  <testcase name="empty byteArray to Utf8 returns empty String" classname="com.tangem.common.extensions.ByteArrayExtensionsTest" time="0.0"/>
  <testcase name="batch Id to Hex String" classname="com.tangem.common.extensions.ByteArrayExtensionsTest" time="0.0"/>
  <system-out><![CDATA[]]></system-out>
  <system-err><![CDATA[]]></system-err>
</testsuite>
