<?xml version="1.0" encoding="UTF-8"?>
<testsuite name="com.tangem.tangem_demo.ExampleUnitTest" tests="1" skipped="0" failures="0" errors="0" timestamp="2020-10-19T16:01:06" hostname="bamboo.local" time="0.001">
  <properties/>
  <testcase name="addition_isCorrect" classname="com.tangem.tangem_demo.ExampleUnitTest" time="0.001"/>
  <system-out><![CDATA[]]></system-out>
  <system-err><![CDATA[]]></system-err>
</testsuite>
